<?xml version="1.0" encoding="UTF-8"?>
<!-- Generated by org.testng.reporters.JUnitReportReporter -->
<testsuite hostname="LAPTOP-2V15E1BH" failures="0" tests="1" name="com.bool.TestRunnerb.TestRunnerbool" time="46.190" errors="0" timestamp="2022-07-10T14:56:38 PDT" skipped="0">
  <testcase classname="com.bool.TestRunnerb.TestRunnerbool" name="feature" time="46.190"/>
  <system-out/>
</testsuite> <!-- com.bool.TestRunnerb.TestRunnerbool -->
